p1:-1 1 Change 148237 created with 9 open file(s).
p1:-1 1 Submitting change 148237.
p1:-1 1 Locking 9 files ...
p1:-1 1 add //depot/etc/courses/2021_semester_2/nhsga/Game_1/Defender/working/YuufoTheDefender/Assets/animation/UIAnimation.meta#1
p1:-1 1 add //depot/etc/courses/2021_semester_2/nhsga/Game_1/Defender/working/YuufoTheDefender/Assets/animation/UIAnimation/Play.controller#1
p1:-1 1 add //depot/etc/courses/2021_semester_2/nhsga/Game_1/Defender/working/YuufoTheDefender/Assets/animation/UIAnimation/Play.controller.meta#1
p1:-1 1 add //depot/etc/courses/2021_semester_2/nhsga/Game_1/Defender/working/YuufoTheDefender/Assets/animation/UIAnimation/PlayEnter.anim#1
p1:-1 1 add //depot/etc/courses/2021_semester_2/nhsga/Game_1/Defender/working/YuufoTheDefender/Assets/animation/UIAnimation/PlayEnter.anim.meta#1
p1:-1 1 add //depot/etc/courses/2021_semester_2/nhsga/Game_1/Defender/working/YuufoTheDefender/Assets/animation/UIAnimation/PlayExit.anim#1
p1:-1 1 add //depot/etc/courses/2021_semester_2/nhsga/Game_1/Defender/working/YuufoTheDefender/Assets/animation/UIAnimation/PlayExit.anim.meta#1
p1:-1 1 add //depot/etc/courses/2021_semester_2/nhsga/Game_1/Defender/working/YuufoTheDefender/Assets/animation/UIAnimation/PlayStay.anim#1
p1:-1 1 add //depot/etc/courses/2021_semester_2/nhsga/Game_1/Defender/working/YuufoTheDefender/Assets/animation/UIAnimation/PlayStay.anim.meta#1
p1:-1 1 Change 148237 submitted.
p1:-1 1 Change 148238 created with 42 open file(s).
p1:-1 1 Submitting change 148238.
p1:-1 1 Locking 42 files ...
p1:-1 1 add //depot/etc/courses/2021_semester_2/nhsga/Game_1/Defender/working/YuufoTheDefender/Assets/animation/Baiter.controller#1
p1:-1 1 add //depot/etc/courses/2021_semester_2/nhsga/Game_1/Defender/working/YuufoTheDefender/Assets/animation/Baiter.controller.meta#1
p1:-1 1 add //depot/etc/courses/2021_semester_2/nhsga/Game_1/Defender/working/YuufoTheDefender/Assets/animation/BaiterIdle.anim#1
p1:-1 1 add //depot/etc/courses/2021_semester_2/nhsga/Game_1/Defender/working/YuufoTheDefender/Assets/animation/BaiterIdle.anim.meta#1
p1:-1 1 add //depot/etc/courses/2021_semester_2/nhsga/Game_1/Defender/working/YuufoTheDefender/Assets/animation/BlackFade.controller#1
p1:-1 1 add //depot/etc/courses/2021_semester_2/nhsga/Game_1/Defender/working/YuufoTheDefender/Assets/animation/BlackFade.controller.meta#1
p1:-1 1 add //depot/etc/courses/2021_semester_2/nhsga/Game_1/Defender/working/YuufoTheDefender/Assets/animation/Bomber.controller#1
p1:-1 1 add //depot/etc/courses/2021_semester_2/nhsga/Game_1/Defender/working/YuufoTheDefender/Assets/animation/Bomber.controller.meta#1
p1:-1 1 add //depot/etc/courses/2021_semester_2/nhsga/Game_1/Defender/working/YuufoTheDefender/Assets/animation/BomberIdle.anim#1
p1:-1 1 add //depot/etc/courses/2021_semester_2/nhsga/Game_1/Defender/working/YuufoTheDefender/Assets/animation/BomberIdle.anim.meta#1
p1:-1 1 add //depot/etc/courses/2021_semester_2/nhsga/Game_1/Defender/working/YuufoTheDefender/Assets/animation/Hurt.anim#1
p1:-1 1 add //depot/etc/courses/2021_semester_2/nhsga/Game_1/Defender/working/YuufoTheDefender/Assets/animation/Hurt.anim.meta#1
p1:-1 1 add //depot/etc/courses/2021_semester_2/nhsga/Game_1/Defender/working/YuufoTheDefender/Assets/animation/LanderIdle.anim#1
p1:-1 1 add //depot/etc/courses/2021_semester_2/nhsga/Game_1/Defender/working/YuufoTheDefender/Assets/animation/LanderIdle.anim.meta#1
p1:-1 1 add //depot/etc/courses/2021_semester_2/nhsga/Game_1/Defender/working/YuufoTheDefender/Assets/animation/LanderSpriteSheet_0.controller#1
p1:-1 1 add //depot/etc/courses/2021_semester_2/nhsga/Game_1/Defender/working/YuufoTheDefender/Assets/animation/LanderSpriteSheet_0.controller.meta#1
p1:-1 1 add //depot/etc/courses/2021_semester_2/nhsga/Game_1/Defender/working/YuufoTheDefender/Assets/animation/Light Beam Sprite Sheet_0.controller#1
p1:-1 1 add //depot/etc/courses/2021_semester_2/nhsga/Game_1/Defender/working/YuufoTheDefender/Assets/animation/Light Beam Sprite Sheet_0.controller.meta#1
p1:-1 1 add //depot/etc/courses/2021_semester_2/nhsga/Game_1/Defender/working/YuufoTheDefender/Assets/animation/Moo-Sprite-Sheet_0000_图层-3.controller#1
open for read: D:\NHSGA\perforce\etc\courses\2021_semester_2\nhsga\Game_1\Defender\working\YuufoTheDefender\Assets\animation\Moo-Sprite-Sheet_0000_图层-3.controller: ??????????? 

p1:-1 1 add //depot/etc/courses/2021_semester_2/nhsga/Game_1/Defender/working/YuufoTheDefender/Assets/animation/Moo-Sprite-Sheet_0000_图层-3.controller.meta#1
open for read: D:\NHSGA\perforce\etc\courses\2021_semester_2\nhsga\Game_1\Defender\working\YuufoTheDefender\Assets\animation\Moo-Sprite-Sheet_0000_图层-3.controller.meta: ??????????? 

p1:-1 1 add //depot/etc/courses/2021_semester_2/nhsga/Game_1/Defender/working/YuufoTheDefender/Assets/animation/moo.anim#1
p1:-1 1 add //depot/etc/courses/2021_semester_2/nhsga/Game_1/Defender/working/YuufoTheDefender/Assets/animation/moo.anim.meta#1
p1:-1 1 add //depot/etc/courses/2021_semester_2/nhsga/Game_1/Defender/working/YuufoTheDefender/Assets/animation/Mootant Sprite Sheet_0.controller#1
p1:-1 1 add //depot/etc/courses/2021_semester_2/nhsga/Game_1/Defender/working/YuufoTheDefender/Assets/animation/Mootant Sprite Sheet_0.controller.meta#1
p1:-1 2 add //depot/etc/courses/2021_semester_2/nhsga/Game_1/Defender/working/YuufoTheDefender/Assets/animation/mootant.anim#1
p1:-1 2 add //depot/etc/courses/2021_semester_2/nhsga/Game_1/Defender/working/YuufoTheDefender/Assets/animation/mootant.anim.meta#1
p1:-1 2 add //depot/etc/courses/2021_semester_2/nhsga/Game_1/Defender/working/YuufoTheDefender/Assets/animation/PODIdle.anim#1
p1:-1 2 add //depot/etc/courses/2021_semester_2/nhsga/Game_1/Defender/working/YuufoTheDefender/Assets/animation/PODIdle.anim.meta#1
p1:-1 2 add //depot/etc/courses/2021_semester_2/nhsga/Game_1/Defender/working/YuufoTheDefender/Assets/animation/PODSpriteSheet_0.controller#1
p1:-1 2 add //depot/etc/courses/2021_semester_2/nhsga/Game_1/Defender/working/YuufoTheDefender/Assets/animation/PODSpriteSheet_0.controller.meta#1
p1:-1 2 add //depot/etc/courses/2021_semester_2/nhsga/Game_1/Defender/working/YuufoTheDefender/Assets/animation/shoot.anim#1
p1:-1 2 add //depot/etc/courses/2021_semester_2/nhsga/Game_1/Defender/working/YuufoTheDefender/Assets/animation/shoot.anim.meta#1
p1:-1 2 add //depot/etc/courses/2021_semester_2/nhsga/Game_1/Defender/working/YuufoTheDefender/Assets/animation/swarmerIdle.anim#1
p1:-1 2 add //depot/etc/courses/2021_semester_2/nhsga/Game_1/Defender/working/YuufoTheDefender/Assets/animation/swarmerIdle.anim.meta#1
p1:-1 2 add //depot/etc/courses/2021_semester_2/nhsga/Game_1/Defender/working/YuufoTheDefender/Assets/animation/SwarmerSpriteSheet_0.controller#1
p1:-1 2 add //depot/etc/courses/2021_semester_2/nhsga/Game_1/Defender/working/YuufoTheDefender/Assets/animation/SwarmerSpriteSheet_0.controller.meta#1
p1:-1 2 add //depot/etc/courses/2021_semester_2/nhsga/Game_1/Defender/working/YuufoTheDefender/Assets/animation/Yuufo.controller#1
p1:-1 2 add //depot/etc/courses/2021_semester_2/nhsga/Game_1/Defender/working/YuufoTheDefender/Assets/animation/Yuufo.controller.meta#1
p1:-1 2 add //depot/etc/courses/2021_semester_2/nhsga/Game_1/Defender/working/YuufoTheDefender/Assets/animation/YuufoDie.anim#1
p1:-1 2 add //depot/etc/courses/2021_semester_2/nhsga/Game_1/Defender/working/YuufoTheDefender/Assets/animation/YuufoDie.anim.meta#1
p1:-1 2 add //depot/etc/courses/2021_semester_2/nhsga/Game_1/Defender/working/YuufoTheDefender/Assets/animation/YuufoIdle.anim#1
p1:-1 2 add //depot/etc/courses/2021_semester_2/nhsga/Game_1/Defender/working/YuufoTheDefender/Assets/animation/YuufoIdle.anim.meta#1
Submit aborted -- fix problems then use 'p4 submit -c 148238'.
Some file(s) could not be transferred from client.

e1:Some file(s) could not be transferred from client.\n
e1:open for read: D:\\NHSGA\\perforce\\etc\\courses\\2021_semester_2\\nhsga\\Game_1\\Defender\\working\\YuufoTheDefender\\Assets\\animation\\Moo-Sprite-Sheet_0000_图层-3.controller.meta: ??????????? \n
e1:open for read: D:\\NHSGA\\perforce\\etc\\courses\\2021_semester_2\\nhsga\\Game_1\\Defender\\working\\YuufoTheDefender\\Assets\\animation\\Moo-Sprite-Sheet_0000_图层-3.controller: ??????????? \n
p1:-1 2 Change 148240 created with 218 open file(s).
p1:-1 2 Submitting change 148240.
p1:-1 2 Locking 176 files ...
p1:-1 2 add //depot/etc/courses/2021_semester_2/nhsga/Game_1/Defender/working/YuufoTheDefender/Assets/animation.meta#1
p1:-1 2 add //depot/etc/courses/2021_semester_2/nhsga/Game_1/Defender/working/YuufoTheDefender/Assets/animation/Baiter.controller#1
p1:-1 2 add //depot/etc/courses/2021_semester_2/nhsga/Game_1/Defender/working/YuufoTheDefender/Assets/animation/Baiter.controller.meta#1
p1:-1 2 add //depot/etc/courses/2021_semester_2/nhsga/Game_1/Defender/working/YuufoTheDefender/Assets/animation/BaiterIdle.anim#1
p1:-1 2 add //depot/etc/courses/2021_semester_2/nhsga/Game_1/Defender/working/YuufoTheDefender/Assets/animation/BaiterIdle.anim.meta#1
p1:-1 2 add //depot/etc/courses/2021_semester_2/nhsga/Game_1/Defender/working/YuufoTheDefender/Assets/animation/BlackFade.controller#1
p1:-1 2 add //depot/etc/courses/2021_semester_2/nhsga/Game_1/Defender/working/YuufoTheDefender/Assets/animation/BlackFade.controller.meta#1
p1:-1 2 add //depot/etc/courses/2021_semester_2/nhsga/Game_1/Defender/working/YuufoTheDefender/Assets/animation/Bomber.controller#1
p1:-1 2 add //depot/etc/courses/2021_semester_2/nhsga/Game_1/Defender/working/YuufoTheDefender/Assets/animation/Bomber.controller.meta#1
p1:-1 2 add //depot/etc/courses/2021_semester_2/nhsga/Game_1/Defender/working/YuufoTheDefender/Assets/animation/BomberIdle.anim#1
p1:-1 2 add //depot/etc/courses/2021_semester_2/nhsga/Game_1/Defender/working/YuufoTheDefender/Assets/animation/BomberIdle.anim.meta#1
p1:-1 2 add //depot/etc/courses/2021_semester_2/nhsga/Game_1/Defender/working/YuufoTheDefender/Assets/animation/Hurt.anim#1
p1:-1 2 add //depot/etc/courses/2021_semester_2/nhsga/Game_1/Defender/working/YuufoTheDefender/Assets/animation/Hurt.anim.meta#1
p1:-1 2 add //depot/etc/courses/2021_semester_2/nhsga/Game_1/Defender/working/YuufoTheDefender/Assets/animation/LanderIdle.anim#1
p1:-1 2 add //depot/etc/courses/2021_semester_2/nhsga/Game_1/Defender/working/YuufoTheDefender/Assets/animation/LanderIdle.anim.meta#1
p1:-1 2 add //depot/etc/courses/2021_semester_2/nhsga/Game_1/Defender/working/YuufoTheDefender/Assets/animation/LanderSpriteSheet_0.controller#1
p1:-1 2 add //depot/etc/courses/2021_semester_2/nhsga/Game_1/Defender/working/YuufoTheDefender/Assets/animation/LanderSpriteSheet_0.controller.meta#1
p1:-1 2 add //depot/etc/courses/2021_semester_2/nhsga/Game_1/Defender/working/YuufoTheDefender/Assets/animation/Light Beam Sprite Sheet_0.controller#1
p1:-1 2 add //depot/etc/courses/2021_semester_2/nhsga/Game_1/Defender/working/YuufoTheDefender/Assets/animation/Light Beam Sprite Sheet_0.controller.meta#1
p1:-1 2 add //depot/etc/courses/2021_semester_2/nhsga/Game_1/Defender/working/YuufoTheDefender/Assets/animation/Moo-Sprite-Sheet_0000_图层-3.controller#1
open for read: D:\NHSGA\perforce\etc\courses\2021_semester_2\nhsga\Game_1\Defender\working\YuufoTheDefender\Assets\animation\Moo-Sprite-Sheet_0000_图层-3.controller: ??????????? 

p1:-1 2 add //depot/etc/courses/2021_semester_2/nhsga/Game_1/Defender/working/YuufoTheDefender/Assets/animation/Moo-Sprite-Sheet_0000_图层-3.controller.meta#1
open for read: D:\NHSGA\perforce\etc\courses\2021_semester_2\nhsga\Game_1\Defender\working\YuufoTheDefender\Assets\animation\Moo-Sprite-Sheet_0000_图层-3.controller.meta: ??????????? 

p1:-1 2 add //depot/etc/courses/2021_semester_2/nhsga/Game_1/Defender/working/YuufoTheDefender/Assets/animation/moo.anim#1
p1:-1 2 add //depot/etc/courses/2021_semester_2/nhsga/Game_1/Defender/working/YuufoTheDefender/Assets/animation/moo.anim.meta#1
p1:-1 2 add //depot/etc/courses/2021_semester_2/nhsga/Game_1/Defender/working/YuufoTheDefender/Assets/animation/Mootant Sprite Sheet_0.controller#1
p1:-1 2 add //depot/etc/courses/2021_semester_2/nhsga/Game_1/Defender/working/YuufoTheDefender/Assets/animation/Mootant Sprite Sheet_0.controller.meta#1
p1:-1 2 add //depot/etc/courses/2021_semester_2/nhsga/Game_1/Defender/working/YuufoTheDefender/Assets/animation/mootant.anim#1
p1:-1 2 add //depot/etc/courses/2021_semester_2/nhsga/Game_1/Defender/working/YuufoTheDefender/Assets/animation/mootant.anim.meta#1
p1:-1 2 add //depot/etc/courses/2021_semester_2/nhsga/Game_1/Defender/working/YuufoTheDefender/Assets/animation/PODIdle.anim#1
p1:-1 2 add //depot/etc/courses/2021_semester_2/nhsga/Game_1/Defender/working/YuufoTheDefender/Assets/animation/PODIdle.anim.meta#1
p1:-1 2 add //depot/etc/courses/2021_semester_2/nhsga/Game_1/Defender/working/YuufoTheDefender/Assets/animation/PODSpriteSheet_0.controller#1
p1:-1 2 add //depot/etc/courses/2021_semester_2/nhsga/Game_1/Defender/working/YuufoTheDefender/Assets/animation/PODSpriteSheet_0.controller.meta#1
p1:-1 2 add //depot/etc/courses/2021_semester_2/nhsga/Game_1/Defender/working/YuufoTheDefender/Assets/animation/shoot.anim#1
p1:-1 2 add //depot/etc/courses/2021_semester_2/nhsga/Game_1/Defender/working/YuufoTheDefender/Assets/animation/shoot.anim.meta#1
p1:-1 2 add //depot/etc/courses/2021_semester_2/nhsga/Game_1/Defender/working/YuufoTheDefender/Assets/animation/swarmerIdle.anim#1
p1:-1 2 add //depot/etc/courses/2021_semester_2/nhsga/Game_1/Defender/working/YuufoTheDefender/Assets/animation/swarmerIdle.anim.meta#1
p1:-1 2 add //depot/etc/courses/2021_semester_2/nhsga/Game_1/Defender/working/YuufoTheDefender/Assets/animation/SwarmerSpriteSheet_0.controller#1
p1:-1 3 add //depot/etc/courses/2021_semester_2/nhsga/Game_1/Defender/working/YuufoTheDefender/Assets/animation/SwarmerSpriteSheet_0.controller.meta#1
p1:-1 3 add //depot/etc/courses/2021_semester_2/nhsga/Game_1/Defender/working/YuufoTheDefender/Assets/animation/Yuufo.controller#1
p1:-1 3 add //depot/etc/courses/2021_semester_2/nhsga/Game_1/Defender/working/YuufoTheDefender/Assets/animation/Yuufo.controller.meta#1
p1:-1 3 add //depot/etc/courses/2021_semester_2/nhsga/Game_1/Defender/working/YuufoTheDefender/Assets/animation/YuufoDie.anim#1
p1:-1 3 add //depot/etc/courses/2021_semester_2/nhsga/Game_1/Defender/working/YuufoTheDefender/Assets/animation/YuufoDie.anim.meta#1
p1:-1 3 add //depot/etc/courses/2021_semester_2/nhsga/Game_1/Defender/working/YuufoTheDefender/Assets/animation/YuufoIdle.anim#1
p1:-1 3 add //depot/etc/courses/2021_semester_2/nhsga/Game_1/Defender/working/YuufoTheDefender/Assets/animation/YuufoIdle.anim.meta#1
p1:-1 3 add //depot/etc/courses/2021_semester_2/nhsga/Game_1/Defender/working/YuufoTheDefender/Assets/animation/YuufoShoot.anim#1
p1:-1 3 add //depot/etc/courses/2021_semester_2/nhsga/Game_1/Defender/working/YuufoTheDefender/Assets/animation/YuufoShoot.anim.meta#1
p1:-1 3 add //depot/etc/courses/2021_semester_2/nhsga/Game_1/Defender/working/YuufoTheDefender/Assets/Audio.meta#1
p1:-1 3 add //depot/etc/courses/2021_semester_2/nhsga/Game_1/Defender/working/YuufoTheDefender/Assets/Audio/Music.meta#1
p1:-1 3 add //depot/etc/courses/2021_semester_2/nhsga/Game_1/Defender/working/YuufoTheDefender/Assets/Audio/Music/Battle Theme 2.wav#1
p1:-1 30 add //depot/etc/courses/2021_semester_2/nhsga/Game_1/Defender/working/YuufoTheDefender/Assets/Audio/Music/Battle Theme 2.wav.meta#1
p1:-1 30 add //depot/etc/courses/2021_semester_2/nhsga/Game_1/Defender/working/YuufoTheDefender/Assets/Audio/Music/Battle Theme.wav#1
p1:-1 50 add //depot/etc/courses/2021_semester_2/nhsga/Game_1/Defender/working/YuufoTheDefender/Assets/Audio/Music/Battle Theme.wav.meta#1
p1:-1 50 add //depot/etc/courses/2021_semester_2/nhsga/Game_1/Defender/working/YuufoTheDefender/Assets/Audio/Music/Defeat Sound.wav#1
p1:-1 52 add //depot/etc/courses/2021_semester_2/nhsga/Game_1/Defender/working/YuufoTheDefender/Assets/Audio/Music/Defeat Sound.wav.meta#1
p1:-1 52 add //depot/etc/courses/2021_semester_2/nhsga/Game_1/Defender/working/YuufoTheDefender/Assets/Audio/Music/Menu Screen Music 2.wav#1
p1:-1 62 add //depot/etc/courses/2021_semester_2/nhsga/Game_1/Defender/working/YuufoTheDefender/Assets/Audio/Music/Menu Screen Music 2.wav.meta#1
p1:-1 62 add //depot/etc/courses/2021_semester_2/nhsga/Game_1/Defender/working/YuufoTheDefender/Assets/Audio/Music/Menu Screen Music.wav#1
p1:-1 75 add //depot/etc/courses/2021_semester_2/nhsga/Game_1/Defender/working/YuufoTheDefender/Assets/Audio/Music/Menu Screen Music.wav.meta#1
p1:-1 75 add //depot/etc/courses/2021_semester_2/nhsga/Game_1/Defender/working/YuufoTheDefender/Assets/Audio/Music/Victory Sound.wav#1
p1:-1 77 add //depot/etc/courses/2021_semester_2/nhsga/Game_1/Defender/working/YuufoTheDefender/Assets/Audio/Music/Victory Sound.wav.meta#1
p1:-1 77 add //depot/etc/courses/2021_semester_2/nhsga/Game_1/Defender/working/YuufoTheDefender/Assets/Audio/SFX.meta#1
p1:-1 77 add //depot/etc/courses/2021_semester_2/nhsga/Game_1/Defender/working/YuufoTheDefender/Assets/Audio/SFX/Dying Sound.wav#1
p1:-1 78 add //depot/etc/courses/2021_semester_2/nhsga/Game_1/Defender/working/YuufoTheDefender/Assets/Audio/SFX/Dying Sound.wav.meta#1
p1:-1 78 add //depot/etc/courses/2021_semester_2/nhsga/Game_1/Defender/working/YuufoTheDefender/Assets/Audio/SFX/Enemy dying explosion 2.wav#1
p1:-1 79 add //depot/etc/courses/2021_semester_2/nhsga/Game_1/Defender/working/YuufoTheDefender/Assets/Audio/SFX/Enemy dying explosion 2.wav.meta#1
p1:-1 79 add //depot/etc/courses/2021_semester_2/nhsga/Game_1/Defender/working/YuufoTheDefender/Assets/Audio/SFX/Enemy dying explosion.wav#1
p1:-1 80 add //depot/etc/courses/2021_semester_2/nhsga/Game_1/Defender/working/YuufoTheDefender/Assets/Audio/SFX/Enemy dying explosion.wav.meta#1
p1:-1 80 add //depot/etc/courses/2021_semester_2/nhsga/Game_1/Defender/working/YuufoTheDefender/Assets/Audio/SFX/Shooting SFX.wav#1
p1:-1 80 add //depot/etc/courses/2021_semester_2/nhsga/Game_1/Defender/working/YuufoTheDefender/Assets/Audio/SFX/Shooting SFX.wav.meta#1
p1:-1 80 add //depot/etc/courses/2021_semester_2/nhsga/Game_1/Defender/working/YuufoTheDefender/Assets/font.meta#1
p1:-1 80 add //depot/etc/courses/2021_semester_2/nhsga/Game_1/Defender/working/YuufoTheDefender/Assets/font/ChakraPetch-Bold.ttf#1
p1:-1 80 add //depot/etc/courses/2021_semester_2/nhsga/Game_1/Defender/working/YuufoTheDefender/Assets/font/ChakraPetch-Bold.ttf.meta#1
p1:-1 80 add //depot/etc/courses/2021_semester_2/nhsga/Game_1/Defender/working/YuufoTheDefender/Assets/font/Orbitron-Black.ttf#1
p1:-1 80 add //depot/etc/courses/2021_semester_2/nhsga/Game_1/Defender/working/YuufoTheDefender/Assets/font/Orbitron-Black.ttf.meta#1
p1:-1 80 add //depot/etc/courses/2021_semester_2/nhsga/Game_1/Defender/working/YuufoTheDefender/Assets/matrials.meta#1
p1:-1 80 add //depot/etc/courses/2021_semester_2/nhsga/Game_1/Defender/working/YuufoTheDefender/Assets/matrials/Bounce.physicsMaterial2D#1
p1:-1 80 add //depot/etc/courses/2021_semester_2/nhsga/Game_1/Defender/working/YuufoTheDefender/Assets/matrials/Bounce.physicsMaterial2D.meta#1
p1:-1 80 add //depot/etc/courses/2021_semester_2/nhsga/Game_1/Defender/working/YuufoTheDefender/Assets/matrials/MiniMap.mat#1
p1:-1 80 add //depot/etc/courses/2021_semester_2/nhsga/Game_1/Defender/working/YuufoTheDefender/Assets/matrials/MiniMap.mat.meta#1
p1:-1 80 add //depot/etc/courses/2021_semester_2/nhsga/Game_1/Defender/working/YuufoTheDefender/Assets/Pictures.meta#1
p1:-1 80 add //depot/etc/courses/2021_semester_2/nhsga/Game_1/Defender/working/YuufoTheDefender/Assets/Pictures/Cow Sprite Sheets.meta#1
p1:-1 80 add //depot/etc/courses/2021_semester_2/nhsga/Game_1/Defender/working/YuufoTheDefender/Assets/Pictures/Cow Sprite Sheets/Moo Sprite Sheet.png#1
p1:-1 80 add //depot/etc/courses/2021_semester_2/nhsga/Game_1/Defender/working/YuufoTheDefender/Assets/Pictures/Cow Sprite Sheets/Moo Sprite Sheet.png.meta#1
p1:-1 80 add //depot/etc/courses/2021_semester_2/nhsga/Game_1/Defender/working/YuufoTheDefender/Assets/Pictures/Cow Sprite Sheets/Moo-Sprite-Sheet_0000_图层-3.png#1
open for read: D:\NHSGA\perforce\etc\courses\2021_semester_2\nhsga\Game_1\Defender\working\YuufoTheDefender\Assets\Pictures\Cow Sprite Sheets\Moo-Sprite-Sheet_0000_图层-3.png: ??????????? 

p1:-1 80 add //depot/etc/courses/2021_semester_2/nhsga/Game_1/Defender/working/YuufoTheDefender/Assets/Pictures/Cow Sprite Sheets/Moo-Sprite-Sheet_0000_图层-3.png.meta#1
open for read: D:\NHSGA\perforce\etc\courses\2021_semester_2\nhsga\Game_1\Defender\working\YuufoTheDefender\Assets\Pictures\Cow Sprite Sheets\Moo-Sprite-Sheet_0000_图层-3.png.meta: ??????????? 

p1:-1 80 add //depot/etc/courses/2021_semester_2/nhsga/Game_1/Defender/working/YuufoTheDefender/Assets/Pictures/Cow Sprite Sheets/Moo-Sprite-Sheet_0001_图层-2.png#1
open for read: D:\NHSGA\perforce\etc\courses\2021_semester_2\nhsga\Game_1\Defender\working\YuufoTheDefender\Assets\Pictures\Cow Sprite Sheets\Moo-Sprite-Sheet_0001_图层-2.png: ??????????? 

p1:-1 80 add //depot/etc/courses/2021_semester_2/nhsga/Game_1/Defender/working/YuufoTheDefender/Assets/Pictures/Cow Sprite Sheets/Moo-Sprite-Sheet_0001_图层-2.png.meta#1
open for read: D:\NHSGA\perforce\etc\courses\2021_semester_2\nhsga\Game_1\Defender\working\YuufoTheDefender\Assets\Pictures\Cow Sprite Sheets\Moo-Sprite-Sheet_0001_图层-2.png.meta: ??????????? 

p1:-1 80 add //depot/etc/courses/2021_semester_2/nhsga/Game_1/Defender/working/YuufoTheDefender/Assets/Pictures/Cow Sprite Sheets/Moo-Sprite-Sheet_0002_图层-4.png#1
open for read: D:\NHSGA\perforce\etc\courses\2021_semester_2\nhsga\Game_1\Defender\working\YuufoTheDefender\Assets\Pictures\Cow Sprite Sheets\Moo-Sprite-Sheet_0002_图层-4.png: ??????????? 

p1:-1 80 add //depot/etc/courses/2021_semester_2/nhsga/Game_1/Defender/working/YuufoTheDefender/Assets/Pictures/Cow Sprite Sheets/Moo-Sprite-Sheet_0002_图层-4.png.meta#1
open for read: D:\NHSGA\perforce\etc\courses\2021_semester_2\nhsga\Game_1\Defender\working\YuufoTheDefender\Assets\Pictures\Cow Sprite Sheets\Moo-Sprite-Sheet_0002_图层-4.png.meta: ??????????? 

p1:-1 80 add //depot/etc/courses/2021_semester_2/nhsga/Game_1/Defender/working/YuufoTheDefender/Assets/Pictures/Cow Sprite Sheets/Moo-Sprite-Sheet_0003_图层-5.png#1
open for read: D:\NHSGA\perforce\etc\courses\2021_semester_2\nhsga\Game_1\Defender\working\YuufoTheDefender\Assets\Pictures\Cow Sprite Sheets\Moo-Sprite-Sheet_0003_图层-5.png: ??????????? 

p1:-1 80 add //depot/etc/courses/2021_semester_2/nhsga/Game_1/Defender/working/YuufoTheDefender/Assets/Pictures/Cow Sprite Sheets/Moo-Sprite-Sheet_0003_图层-5.png.meta#1
open for read: D:\NHSGA\perforce\etc\courses\2021_semester_2\nhsga\Game_1\Defender\working\YuufoTheDefender\Assets\Pictures\Cow Sprite Sheets\Moo-Sprite-Sheet_0003_图层-5.png.meta: ??????????? 

p1:-1 80 add //depot/etc/courses/2021_semester_2/nhsga/Game_1/Defender/working/YuufoTheDefender/Assets/Pictures/Cow Sprite Sheets/Moo-Sprite-Sheet_0004_图层-6.png#1
open for read: D:\NHSGA\perforce\etc\courses\2021_semester_2\nhsga\Game_1\Defender\working\YuufoTheDefender\Assets\Pictures\Cow Sprite Sheets\Moo-Sprite-Sheet_0004_图层-6.png: ??????????? 

p1:-1 80 add //depot/etc/courses/2021_semester_2/nhsga/Game_1/Defender/working/YuufoTheDefender/Assets/Pictures/Cow Sprite Sheets/Moo-Sprite-Sheet_0004_图层-6.png.meta#1
open for read: D:\NHSGA\perforce\etc\courses\2021_semester_2\nhsga\Game_1\Defender\working\YuufoTheDefender\Assets\Pictures\Cow Sprite Sheets\Moo-Sprite-Sheet_0004_图层-6.png.meta: ??????????? 

p1:-1 80 add //depot/etc/courses/2021_semester_2/nhsga/Game_1/Defender/working/YuufoTheDefender/Assets/Pictures/Cow Sprite Sheets/Moo-Sprite-Sheet_0005_图层-7.png#1
open for read: D:\NHSGA\perforce\etc\courses\2021_semester_2\nhsga\Game_1\Defender\working\YuufoTheDefender\Assets\Pictures\Cow Sprite Sheets\Moo-Sprite-Sheet_0005_图层-7.png: ??????????? 

p1:-1 80 add //depot/etc/courses/2021_semester_2/nhsga/Game_1/Defender/working/YuufoTheDefender/Assets/Pictures/Cow Sprite Sheets/Moo-Sprite-Sheet_0005_图层-7.png.meta#1
open for read: D:\NHSGA\perforce\etc\courses\2021_semester_2\nhsga\Game_1\Defender\working\YuufoTheDefender\Assets\Pictures\Cow Sprite Sheets\Moo-Sprite-Sheet_0005_图层-7.png.meta: ??????????? 

p1:-1 80 add //depot/etc/courses/2021_semester_2/nhsga/Game_1/Defender/working/YuufoTheDefender/Assets/Pictures/Cow Sprite Sheets/Mootant Sprite Sheet.png#1
p1:-1 81 add //depot/etc/courses/2021_semester_2/nhsga/Game_1/Defender/working/YuufoTheDefender/Assets/Pictures/Cow Sprite Sheets/Mootant Sprite Sheet.png.meta#1
p1:-1 81 add //depot/etc/courses/2021_semester_2/nhsga/Game_1/Defender/working/YuufoTheDefender/Assets/Pictures/Enemy Sprite Sheets.meta#1
p1:-1 81 add //depot/etc/courses/2021_semester_2/nhsga/Game_1/Defender/working/YuufoTheDefender/Assets/Pictures/Enemy Sprite Sheets/BaiterSpriteSheet.png#1
p1:-1 85 add //depot/etc/courses/2021_semester_2/nhsga/Game_1/Defender/working/YuufoTheDefender/Assets/Pictures/Enemy Sprite Sheets/BaiterSpriteSheet.png.meta#1
p1:-1 85 add //depot/etc/courses/2021_semester_2/nhsga/Game_1/Defender/working/YuufoTheDefender/Assets/Pictures/Enemy Sprite Sheets/BomberSpriteSheet.png#1
p1:-1 93 add //depot/etc/courses/2021_semester_2/nhsga/Game_1/Defender/working/YuufoTheDefender/Assets/Pictures/Enemy Sprite Sheets/BomberSpriteSheet.png.meta#1
p1:-1 93 add //depot/etc/courses/2021_semester_2/nhsga/Game_1/Defender/working/YuufoTheDefender/Assets/Pictures/Enemy Sprite Sheets/EnemyBullet.png#1
p1:-1 93 add //depot/etc/courses/2021_semester_2/nhsga/Game_1/Defender/working/YuufoTheDefender/Assets/Pictures/Enemy Sprite Sheets/EnemyBullet.png.meta#1
p1:-1 93 add //depot/etc/courses/2021_semester_2/nhsga/Game_1/Defender/working/YuufoTheDefender/Assets/Pictures/Enemy Sprite Sheets/LanderSpriteSheet.png#1
p1:-1 104 add //depot/etc/courses/2021_semester_2/nhsga/Game_1/Defender/working/YuufoTheDefender/Assets/Pictures/Enemy Sprite Sheets/LanderSpriteSheet.png.meta#1
p1:-1 104 add //depot/etc/courses/2021_semester_2/nhsga/Game_1/Defender/working/YuufoTheDefender/Assets/Pictures/Enemy Sprite Sheets/PODSpriteSheet.png#1
p1:-1 116 add //depot/etc/courses/2021_semester_2/nhsga/Game_1/Defender/working/YuufoTheDefender/Assets/Pictures/Enemy Sprite Sheets/PODSpriteSheet.png.meta#1
p1:-1 116 add //depot/etc/courses/2021_semester_2/nhsga/Game_1/Defender/working/YuufoTheDefender/Assets/Pictures/Enemy Sprite Sheets/SwarmerSpriteSheet.png#1
p1:-1 126 add //depot/etc/courses/2021_semester_2/nhsga/Game_1/Defender/working/YuufoTheDefender/Assets/Pictures/Enemy Sprite Sheets/SwarmerSpriteSheet.png.meta#1
p1:-1 126 add //depot/etc/courses/2021_semester_2/nhsga/Game_1/Defender/working/YuufoTheDefender/Assets/Pictures/Maps-Backdrop.meta#1
p1:-1 126 add //depot/etc/courses/2021_semester_2/nhsga/Game_1/Defender/working/YuufoTheDefender/Assets/Pictures/Maps-Backdrop/Backdrop_Iteration_03.png#1
p1:-1 127 add //depot/etc/courses/2021_semester_2/nhsga/Game_1/Defender/working/YuufoTheDefender/Assets/Pictures/Maps-Backdrop/Backdrop_Iteration_03.png.meta#1
p1:-1 127 add //depot/etc/courses/2021_semester_2/nhsga/Game_1/Defender/working/YuufoTheDefender/Assets/Pictures/Maps-Backdrop/background 1.png#1
p1:-1 128 add //depot/etc/courses/2021_semester_2/nhsga/Game_1/Defender/working/YuufoTheDefender/Assets/Pictures/Maps-Backdrop/background 1.png.meta#1
p1:-1 128 add //depot/etc/courses/2021_semester_2/nhsga/Game_1/Defender/working/YuufoTheDefender/Assets/Pictures/Maps-Backdrop/MiniMap(Iteration_03).png#1
p1:-1 129 add //depot/etc/courses/2021_semester_2/nhsga/Game_1/Defender/working/YuufoTheDefender/Assets/Pictures/Maps-Backdrop/MiniMap(Iteration_03).png.meta#1
p1:-1 129 add //depot/etc/courses/2021_semester_2/nhsga/Game_1/Defender/working/YuufoTheDefender/Assets/Pictures/PlaceHolder.meta#1
p1:-1 129 add //depot/etc/courses/2021_semester_2/nhsga/Game_1/Defender/working/YuufoTheDefender/Assets/Pictures/PlaceHolder/bg.jpg#1
p1:-1 129 add //depot/etc/courses/2021_semester_2/nhsga/Game_1/Defender/working/YuufoTheDefender/Assets/Pictures/PlaceHolder/bg.jpg.meta#1
p1:-1 129 add //depot/etc/courses/2021_semester_2/nhsga/Game_1/Defender/working/YuufoTheDefender/Assets/Pictures/PlaceHolder/defender.png#1
p1:-1 129 add //depot/etc/courses/2021_semester_2/nhsga/Game_1/Defender/working/YuufoTheDefender/Assets/Pictures/PlaceHolder/defender.png.meta#1
p1:-1 129 add //depot/etc/courses/2021_semester_2/nhsga/Game_1/Defender/working/YuufoTheDefender/Assets/Pictures/PlaceHolder/defenderspritesheet.png#1
p1:-1 130 add //depot/etc/courses/2021_semester_2/nhsga/Game_1/Defender/working/YuufoTheDefender/Assets/Pictures/PlaceHolder/defenderspritesheet.png.meta#1
p1:-1 130 add //depot/etc/courses/2021_semester_2/nhsga/Game_1/Defender/working/YuufoTheDefender/Assets/Pictures/PlaceHolder/PX_Moon.png#1
p1:-1 130 add //depot/etc/courses/2021_semester_2/nhsga/Game_1/Defender/working/YuufoTheDefender/Assets/Pictures/PlaceHolder/PX_Moon.png.meta#1
p1:-1 130 add //depot/etc/courses/2021_semester_2/nhsga/Game_1/Defender/working/YuufoTheDefender/Assets/Pictures/PlaceHolder/yufoo.png#1
p1:-1 130 add //depot/etc/courses/2021_semester_2/nhsga/Game_1/Defender/working/YuufoTheDefender/Assets/Pictures/PlaceHolder/yufoo.png.meta#1
p1:-1 130 add //depot/etc/courses/2021_semester_2/nhsga/Game_1/Defender/working/YuufoTheDefender/Assets/Pictures/Yuufo Sprite Sheets.meta#1
p1:-1 130 add //depot/etc/courses/2021_semester_2/nhsga/Game_1/Defender/working/YuufoTheDefender/Assets/Pictures/Yuufo Sprite Sheets/Light Beam Sprite Sheet.png#1
p1:-1 130 add //depot/etc/courses/2021_semester_2/nhsga/Game_1/Defender/working/YuufoTheDefender/Assets/Pictures/Yuufo Sprite Sheets/Light Beam Sprite Sheet.png.meta#1
p1:-1 130 add //depot/etc/courses/2021_semester_2/nhsga/Game_1/Defender/working/YuufoTheDefender/Assets/Pictures/Yuufo Sprite Sheets/Yuufo Sprite Sheet DIE.png#1
p1:-1 130 add //depot/etc/courses/2021_semester_2/nhsga/Game_1/Defender/working/YuufoTheDefender/Assets/Pictures/Yuufo Sprite Sheets/Yuufo Sprite Sheet DIE.png.meta#1
p1:-1 130 add //depot/etc/courses/2021_semester_2/nhsga/Game_1/Defender/working/YuufoTheDefender/Assets/Pictures/Yuufo Sprite Sheets/Yuufo Sprite Sheet IDLE.png#1
p1:-1 131 add //depot/etc/courses/2021_semester_2/nhsga/Game_1/Defender/working/YuufoTheDefender/Assets/Pictures/Yuufo Sprite Sheets/Yuufo Sprite Sheet IDLE.png.meta#1
p1:-1 131 add //depot/etc/courses/2021_semester_2/nhsga/Game_1/Defender/working/YuufoTheDefender/Assets/Pictures/Yuufo Sprite Sheets/Yuufo Sprite Sheet SHOOT.png#1
p1:-1 132 add //depot/etc/courses/2021_semester_2/nhsga/Game_1/Defender/working/YuufoTheDefender/Assets/Pictures/Yuufo Sprite Sheets/Yuufo Sprite Sheet SHOOT.png.meta#1
p1:-1 132 add //depot/etc/courses/2021_semester_2/nhsga/Game_1/Defender/working/YuufoTheDefender/Assets/Prefabs.meta#1
p1:-1 132 add //depot/etc/courses/2021_semester_2/nhsga/Game_1/Defender/working/YuufoTheDefender/Assets/Prefabs/Baiter.prefab#1
p1:-1 132 add //depot/etc/courses/2021_semester_2/nhsga/Game_1/Defender/working/YuufoTheDefender/Assets/Prefabs/Baiter.prefab.meta#1
p1:-1 132 add //depot/etc/courses/2021_semester_2/nhsga/Game_1/Defender/working/YuufoTheDefender/Assets/Prefabs/Bomber.prefab#1
p1:-1 132 add //depot/etc/courses/2021_semester_2/nhsga/Game_1/Defender/working/YuufoTheDefender/Assets/Prefabs/Bomber.prefab.meta#1
p1:-1 132 add //depot/etc/courses/2021_semester_2/nhsga/Game_1/Defender/working/YuufoTheDefender/Assets/Prefabs/bullet.prefab#1
p1:-1 132 add //depot/etc/courses/2021_semester_2/nhsga/Game_1/Defender/working/YuufoTheDefender/Assets/Prefabs/bullet.prefab.meta#1
p1:-1 132 add //depot/etc/courses/2021_semester_2/nhsga/Game_1/Defender/working/YuufoTheDefender/Assets/Prefabs/Cow.prefab#1
p1:-1 132 add //depot/etc/courses/2021_semester_2/nhsga/Game_1/Defender/working/YuufoTheDefender/Assets/Prefabs/Cow.prefab.meta#1
p1:-1 132 add //depot/etc/courses/2021_semester_2/nhsga/Game_1/Defender/working/YuufoTheDefender/Assets/Prefabs/EnemyProjectileT.prefab#1
p1:-1 132 add //depot/etc/courses/2021_semester_2/nhsga/Game_1/Defender/working/YuufoTheDefender/Assets/Prefabs/EnemyProjectileT.prefab.meta#1
p1:-1 132 add //depot/etc/courses/2021_semester_2/nhsga/Game_1/Defender/working/YuufoTheDefender/Assets/Prefabs/health.prefab#1
p1:-1 132 add //depot/etc/courses/2021_semester_2/nhsga/Game_1/Defender/working/YuufoTheDefender/Assets/Prefabs/health.prefab.meta#1
p1:-1 132 add //depot/etc/courses/2021_semester_2/nhsga/Game_1/Defender/working/YuufoTheDefender/Assets/Prefabs/Lander.prefab#1
p1:-1 132 add //depot/etc/courses/2021_semester_2/nhsga/Game_1/Defender/working/YuufoTheDefender/Assets/Prefabs/Lander.prefab.meta#1
p1:-1 132 add //depot/etc/courses/2021_semester_2/nhsga/Game_1/Defender/working/YuufoTheDefender/Assets/Prefabs/Mines.prefab#1
p1:-1 132 add //depot/etc/courses/2021_semester_2/nhsga/Game_1/Defender/working/YuufoTheDefender/Assets/Prefabs/Mines.prefab.meta#1
p1:-1 132 add //depot/etc/courses/2021_semester_2/nhsga/Game_1/Defender/working/YuufoTheDefender/Assets/Prefabs/Mutant.prefab#1
p1:-1 132 add //depot/etc/courses/2021_semester_2/nhsga/Game_1/Defender/working/YuufoTheDefender/Assets/Prefabs/Mutant.prefab.meta#1
p1:-1 132 add //depot/etc/courses/2021_semester_2/nhsga/Game_1/Defender/working/YuufoTheDefender/Assets/Prefabs/Pod.prefab#1
p1:-1 132 add //depot/etc/courses/2021_semester_2/nhsga/Game_1/Defender/working/YuufoTheDefender/Assets/Prefabs/Pod.prefab.meta#1
p1:-1 132 add //depot/etc/courses/2021_semester_2/nhsga/Game_1/Defender/working/YuufoTheDefender/Assets/Prefabs/Swarmer.prefab#1
p1:-1 132 add //depot/etc/courses/2021_semester_2/nhsga/Game_1/Defender/working/YuufoTheDefender/Assets/Prefabs/Swarmer.prefab.meta#1
p1:-1 132 add //depot/etc/courses/2021_semester_2/nhsga/Game_1/Defender/working/YuufoTheDefender/Assets/rendertexture.meta#1
p1:-1 132 add //depot/etc/courses/2021_semester_2/nhsga/Game_1/Defender/working/YuufoTheDefender/Assets/rendertexture/New Render Texture.renderTexture#1
p1:-1 132 add //depot/etc/courses/2021_semester_2/nhsga/Game_1/Defender/working/YuufoTheDefender/Assets/rendertexture/New Render Texture.renderTexture.meta#1
p1:-1 132 add //depot/etc/courses/2021_semester_2/nhsga/Game_1/Defender/working/YuufoTheDefender/Assets/Scenes.meta#1
p1:-1 132 add //depot/etc/courses/2021_semester_2/nhsga/Game_1/Defender/working/YuufoTheDefender/Assets/Scenes/Game.unity#1
p1:-1 133 add //depot/etc/courses/2021_semester_2/nhsga/Game_1/Defender/working/YuufoTheDefender/Assets/Scenes/Game.unity.meta#1
p1:-1 133 add //depot/etc/courses/2021_semester_2/nhsga/Game_1/Defender/working/YuufoTheDefender/Assets/Scenes/SampleScene.unity#1
p1:-1 133 add //depot/etc/courses/2021_semester_2/nhsga/Game_1/Defender/working/YuufoTheDefender/Assets/Scenes/SampleScene.unity.meta#1
p1:-1 133 add //depot/etc/courses/2021_semester_2/nhsga/Game_1/Defender/working/YuufoTheDefender/Assets/Scripts.meta#1
p1:-1 133 add //depot/etc/courses/2021_semester_2/nhsga/Game_1/Defender/working/YuufoTheDefender/Assets/Scripts/backGround.cs#1
p1:-1 133 add //depot/etc/courses/2021_semester_2/nhsga/Game_1/Defender/working/YuufoTheDefender/Assets/Scripts/backGround.cs.meta#1
p1:-1 133 add //depot/etc/courses/2021_semester_2/nhsga/Game_1/Defender/working/YuufoTheDefender/Assets/Scripts/bulletController.cs#1
p1:-1 133 add //depot/etc/courses/2021_semester_2/nhsga/Game_1/Defender/working/YuufoTheDefender/Assets/Scripts/bulletController.cs.meta#1
p1:-1 133 add //depot/etc/courses/2021_semester_2/nhsga/Game_1/Defender/working/YuufoTheDefender/Assets/Scripts/Enemies.meta#1
p1:-1 133 add //depot/etc/courses/2021_semester_2/nhsga/Game_1/Defender/working/YuufoTheDefender/Assets/Scripts/Enemies/BaiterBehavior.cs#1
p1:-1 133 add //depot/etc/courses/2021_semester_2/nhsga/Game_1/Defender/working/YuufoTheDefender/Assets/Scripts/Enemies/BaiterBehavior.cs.meta#1
p1:-1 133 add //depot/etc/courses/2021_semester_2/nhsga/Game_1/Defender/working/YuufoTheDefender/Assets/Scripts/Enemies/BomberBehavior.cs#1
p1:-1 133 add //depot/etc/courses/2021_semester_2/nhsga/Game_1/Defender/working/YuufoTheDefender/Assets/Scripts/Enemies/BomberBehavior.cs.meta#1
p1:-1 133 add //depot/etc/courses/2021_semester_2/nhsga/Game_1/Defender/working/YuufoTheDefender/Assets/Scripts/Enemies/CollisionDestroy.cs#1
p1:-1 133 add //depot/etc/courses/2021_semester_2/nhsga/Game_1/Defender/working/YuufoTheDefender/Assets/Scripts/Enemies/CollisionDestroy.cs.meta#1
p1:-1 133 add //depot/etc/courses/2021_semester_2/nhsga/Game_1/Defender/working/YuufoTheDefender/Assets/Scripts/Enemies/LanderBehavior.cs#1
p1:-1 133 add //depot/etc/courses/2021_semester_2/nhsga/Game_1/Defender/working/YuufoTheDefender/Assets/Scripts/Enemies/LanderBehavior.cs.meta#1
p1:-1 133 add //depot/etc/courses/2021_semester_2/nhsga/Game_1/Defender/working/YuufoTheDefender/Assets/Scripts/Enemies/MineController.cs#1
p1:-1 133 add //depot/etc/courses/2021_semester_2/nhsga/Game_1/Defender/working/YuufoTheDefender/Assets/Scripts/Enemies/MineController.cs.meta#1
p1:-1 133 add //depot/etc/courses/2021_semester_2/nhsga/Game_1/Defender/working/YuufoTheDefender/Assets/Scripts/Enemies/MutantBehavior.cs#1
p1:-1 133 add //depot/etc/courses/2021_semester_2/nhsga/Game_1/Defender/working/YuufoTheDefender/Assets/Scripts/Enemies/MutantBehavior.cs.meta#1
p1:-1 133 add //depot/etc/courses/2021_semester_2/nhsga/Game_1/Defender/working/YuufoTheDefender/Assets/Scripts/Enemies/PodBehavior.cs#1
p1:-1 133 add //depot/etc/courses/2021_semester_2/nhsga/Game_1/Defender/working/YuufoTheDefender/Assets/Scripts/Enemies/PodBehavior.cs.meta#1
p1:-1 133 add //depot/etc/courses/2021_semester_2/nhsga/Game_1/Defender/working/YuufoTheDefender/Assets/Scripts/Enemies/ProjectileController.cs#1
p1:-1 133 add //depot/etc/courses/2021_semester_2/nhsga/Game_1/Defender/working/YuufoTheDefender/Assets/Scripts/Enemies/ProjectileController.cs.meta#1
p1:-1 133 add //depot/etc/courses/2021_semester_2/nhsga/Game_1/Defender/working/YuufoTheDefender/Assets/Scripts/Enemies/SpawnManager.cs#1
p1:-1 133 add //depot/etc/courses/2021_semester_2/nhsga/Game_1/Defender/working/YuufoTheDefender/Assets/Scripts/Enemies/SpawnManager.cs.meta#1
p1:-1 133 add //depot/etc/courses/2021_semester_2/nhsga/Game_1/Defender/working/YuufoTheDefender/Assets/Scripts/Enemies/SwarmerBehavior.cs#1
p1:-1 133 add //depot/etc/courses/2021_semester_2/nhsga/Game_1/Defender/working/YuufoTheDefender/Assets/Scripts/Enemies/SwarmerBehavior.cs.meta#1
p1:-1 133 add //depot/etc/courses/2021_semester_2/nhsga/Game_1/Defender/working/YuufoTheDefender/Assets/Scripts/GameManager.cs#1
p1:-1 133 add //depot/etc/courses/2021_semester_2/nhsga/Game_1/Defender/working/YuufoTheDefender/Assets/Scripts/GameManager.cs.meta#1
p1:-1 133 add //depot/etc/courses/2021_semester_2/nhsga/Game_1/Defender/working/YuufoTheDefender/Assets/Scripts/inGameUIManager.cs#1
p1:-1 133 add //depot/etc/courses/2021_semester_2/nhsga/Game_1/Defender/working/YuufoTheDefender/Assets/Scripts/inGameUIManager.cs.meta#1
p1:-1 133 add //depot/etc/courses/2021_semester_2/nhsga/Game_1/Defender/working/YuufoTheDefender/Assets/Scripts/MiniMap.cs#1
p1:-1 134 add //depot/etc/courses/2021_semester_2/nhsga/Game_1/Defender/working/YuufoTheDefender/Assets/Scripts/MiniMap.cs.meta#1
p1:-1 134 add //depot/etc/courses/2021_semester_2/nhsga/Game_1/Defender/working/YuufoTheDefender/Assets/Scripts/OnImpact.cs#1
p1:-1 134 add //depot/etc/courses/2021_semester_2/nhsga/Game_1/Defender/working/YuufoTheDefender/Assets/Scripts/OnImpact.cs.meta#1
p1:-1 134 add //depot/etc/courses/2021_semester_2/nhsga/Game_1/Defender/working/YuufoTheDefender/Assets/Scripts/PlayerController.cs#1
p1:-1 134 add //depot/etc/courses/2021_semester_2/nhsga/Game_1/Defender/working/YuufoTheDefender/Assets/Scripts/PlayerController.cs.meta#1
p1:-1 134 add //depot/etc/courses/2021_semester_2/nhsga/Game_1/Defender/working/YuufoTheDefender/Assets/Scripts/shootBullet.cs#1
p1:-1 134 add //depot/etc/courses/2021_semester_2/nhsga/Game_1/Defender/working/YuufoTheDefender/Assets/Scripts/shootBullet.cs.meta#1
p1:-1 134 add //depot/etc/courses/2021_semester_2/nhsga/Game_1/Defender/working/YuufoTheDefender/Assets/Scripts/SoundManager.cs#1
p1:-1 134 add //depot/etc/courses/2021_semester_2/nhsga/Game_1/Defender/working/YuufoTheDefender/Assets/Scripts/SoundManager.cs.meta#1
p1:-1 134 add //depot/etc/courses/2021_semester_2/nhsga/Game_1/Defender/working/YuufoTheDefender/Assets/Scripts/Spawner.cs#1
p1:-1 134 add //depot/etc/courses/2021_semester_2/nhsga/Game_1/Defender/working/YuufoTheDefender/Assets/Scripts/Spawner.cs.meta#1
p1:-1 134 add //depot/etc/courses/2021_semester_2/nhsga/Game_1/Defender/working/YuufoTheDefender/Assets/Scripts/UIManager.cs#1
p1:-1 134 add //depot/etc/courses/2021_semester_2/nhsga/Game_1/Defender/working/YuufoTheDefender/Assets/Scripts/UIManager.cs.meta#1
p1:-1 134 add //depot/etc/courses/2021_semester_2/nhsga/Game_1/Defender/working/YuufoTheDefender/Assets/SoundManagerFolder.meta#1
p1:-1 134 add //depot/etc/courses/2021_semester_2/nhsga/Game_1/Defender/working/YuufoTheDefender/Assets/SoundManagerFolder/Audio Source.prefab#1
p1:-1 134 add //depot/etc/courses/2021_semester_2/nhsga/Game_1/Defender/working/YuufoTheDefender/Assets/SoundManagerFolder/Audio Source.prefab.meta#1
p1:-1 134 add //depot/etc/courses/2021_semester_2/nhsga/Game_1/Defender/working/YuufoTheDefender/Assets/SoundManagerFolder/AudioManager.cs#1
p1:-1 134 add //depot/etc/courses/2021_semester_2/nhsga/Game_1/Defender/working/YuufoTheDefender/Assets/SoundManagerFolder/AudioManager.cs.meta#1
p1:-1 134 add //depot/etc/courses/2021_semester_2/nhsga/Game_1/Defender/working/YuufoTheDefender/Assets/SoundManagerFolder/Canvas.prefab#1
p1:-1 134 add //depot/etc/courses/2021_semester_2/nhsga/Game_1/Defender/working/YuufoTheDefender/Assets/SoundManagerFolder/Canvas.prefab.meta#1
Submit aborted -- fix problems then use 'p4 submit -c 148240'.
Some file(s) could not be transferred from client.

e1:Some file(s) could not be transferred from client.\n
e1:open for read: D:\\NHSGA\\perforce\\etc\\courses\\2021_semester_2\\nhsga\\Game_1\\Defender\\working\\YuufoTheDefender\\Assets\\Pictures\\Cow Sprite Sheets\\Moo-Sprite-Sheet_0000_图层-3.png.meta: ??????????? \n
e1:open for read: D:\\NHSGA\\perforce\\etc\\courses\\2021_semester_2\\nhsga\\Game_1\\Defender\\working\\YuufoTheDefender\\Assets\\Pictures\\Cow Sprite Sheets\\Moo-Sprite-Sheet_0000_图层-3.png: ??????????? \n
e1:open for read: D:\\NHSGA\\perforce\\etc\\courses\\2021_semester_2\\nhsga\\Game_1\\Defender\\working\\YuufoTheDefender\\Assets\\Pictures\\Cow Sprite Sheets\\Moo-Sprite-Sheet_0001_图层-2.png.meta: ??????????? \n
e1:open for read: D:\\NHSGA\\perforce\\etc\\courses\\2021_semester_2\\nhsga\\Game_1\\Defender\\working\\YuufoTheDefender\\Assets\\Pictures\\Cow Sprite Sheets\\Moo-Sprite-Sheet_0001_图层-2.png: ??????????? \n
e1:open for read: D:\\NHSGA\\perforce\\etc\\courses\\2021_semester_2\\nhsga\\Game_1\\Defender\\working\\YuufoTheDefender\\Assets\\Pictures\\Cow Sprite Sheets\\Moo-Sprite-Sheet_0002_图层-4.png.meta: ??????????? \n
e1:open for read: D:\\NHSGA\\perforce\\etc\\courses\\2021_semester_2\\nhsga\\Game_1\\Defender\\working\\YuufoTheDefender\\Assets\\Pictures\\Cow Sprite Sheets\\Moo-Sprite-Sheet_0002_图层-4.png: ??????????? \n
e1:open for read: D:\\NHSGA\\perforce\\etc\\courses\\2021_semester_2\\nhsga\\Game_1\\Defender\\working\\YuufoTheDefender\\Assets\\Pictures\\Cow Sprite Sheets\\Moo-Sprite-Sheet_0003_图层-5.png.meta: ??????????? \n
e1:open for read: D:\\NHSGA\\perforce\\etc\\courses\\2021_semester_2\\nhsga\\Game_1\\Defender\\working\\YuufoTheDefender\\Assets\\Pictures\\Cow Sprite Sheets\\Moo-Sprite-Sheet_0003_图层-5.png: ??????????? \n
e1:open for read: D:\\NHSGA\\perforce\\etc\\courses\\2021_semester_2\\nhsga\\Game_1\\Defender\\working\\YuufoTheDefender\\Assets\\Pictures\\Cow Sprite Sheets\\Moo-Sprite-Sheet_0004_图层-6.png.meta: ??????????? \n
e1:open for read: D:\\NHSGA\\perforce\\etc\\courses\\2021_semester_2\\nhsga\\Game_1\\Defender\\working\\YuufoTheDefender\\Assets\\Pictures\\Cow Sprite Sheets\\Moo-Sprite-Sheet_0004_图层-6.png: ??????????? \n
e1:open for read: D:\\NHSGA\\perforce\\etc\\courses\\2021_semester_2\\nhsga\\Game_1\\Defender\\working\\YuufoTheDefender\\Assets\\Pictures\\Cow Sprite Sheets\\Moo-Sprite-Sheet_0005_图层-7.png.meta: ??????????? \n
e1:open for read: D:\\NHSGA\\perforce\\etc\\courses\\2021_semester_2\\nhsga\\Game_1\\Defender\\working\\YuufoTheDefender\\Assets\\Pictures\\Cow Sprite Sheets\\Moo-Sprite-Sheet_0005_图层-7.png: ??????????? \n
e1:open for read: D:\\NHSGA\\perforce\\etc\\courses\\2021_semester_2\\nhsga\\Game_1\\Defender\\working\\YuufoTheDefender\\Assets\\animation\\Moo-Sprite-Sheet_0000_图层-3.controller.meta: ??????????? \n
e1:open for read: D:\\NHSGA\\perforce\\etc\\courses\\2021_semester_2\\nhsga\\Game_1\\Defender\\working\\YuufoTheDefender\\Assets\\animation\\Moo-Sprite-Sheet_0000_图层-3.controller: ??????????? \n
e32:SSL receive failed.\nread: ??????????? : WSAECONNRESET\n
p1:-1 1 Change 149522 created with 33 open file(s).
p1:-1 1 Submitting change 149522.
p1:-1 1 Locking 33 files ...
p1:-1 1 add //depot/etc/courses/2021_semester_2/nhsga/Game_1/Defender/working/YuufoTheDefender/Assets/animation/cutscene.meta#1
p1:-1 1 add //depot/etc/courses/2021_semester_2/nhsga/Game_1/Defender/working/YuufoTheDefender/Assets/animation/cutscene/1.anim#1
p1:-1 2 add //depot/etc/courses/2021_semester_2/nhsga/Game_1/Defender/working/YuufoTheDefender/Assets/animation/cutscene/1.anim.meta#1
p1:-1 2 add //depot/etc/courses/2021_semester_2/nhsga/Game_1/Defender/working/YuufoTheDefender/Assets/animation/cutscene/1.controller#1
p1:-1 2 add //depot/etc/courses/2021_semester_2/nhsga/Game_1/Defender/working/YuufoTheDefender/Assets/animation/cutscene/1.controller.meta#1
p1:-1 2 add //depot/etc/courses/2021_semester_2/nhsga/Game_1/Defender/working/YuufoTheDefender/Assets/animation/cutscene/2.anim#1
p1:-1 2 add //depot/etc/courses/2021_semester_2/nhsga/Game_1/Defender/working/YuufoTheDefender/Assets/animation/cutscene/2.anim.meta#1
p1:-1 2 add //depot/etc/courses/2021_semester_2/nhsga/Game_1/Defender/working/YuufoTheDefender/Assets/animation/cutscene/2.controller#1
p1:-1 2 add //depot/etc/courses/2021_semester_2/nhsga/Game_1/Defender/working/YuufoTheDefender/Assets/animation/cutscene/2.controller.meta#1
p1:-1 2 add //depot/etc/courses/2021_semester_2/nhsga/Game_1/Defender/working/YuufoTheDefender/Assets/animation/cutscene/3.anim#1
p1:-1 2 add //depot/etc/courses/2021_semester_2/nhsga/Game_1/Defender/working/YuufoTheDefender/Assets/animation/cutscene/3.anim.meta#1
p1:-1 2 add //depot/etc/courses/2021_semester_2/nhsga/Game_1/Defender/working/YuufoTheDefender/Assets/animation/cutscene/3.controller#1
p1:-1 2 add //depot/etc/courses/2021_semester_2/nhsga/Game_1/Defender/working/YuufoTheDefender/Assets/animation/cutscene/3.controller.meta#1
p1:-1 2 add //depot/etc/courses/2021_semester_2/nhsga/Game_1/Defender/working/YuufoTheDefender/Assets/animation/cutscene/4.anim#1
p1:-1 2 add //depot/etc/courses/2021_semester_2/nhsga/Game_1/Defender/working/YuufoTheDefender/Assets/animation/cutscene/4.anim.meta#1
p1:-1 2 add //depot/etc/courses/2021_semester_2/nhsga/Game_1/Defender/working/YuufoTheDefender/Assets/animation/cutscene/4.controller#1
p1:-1 2 add //depot/etc/courses/2021_semester_2/nhsga/Game_1/Defender/working/YuufoTheDefender/Assets/animation/cutscene/4.controller.meta#1
p1:-1 2 add //depot/etc/courses/2021_semester_2/nhsga/Game_1/Defender/working/YuufoTheDefender/Assets/animation/cutscene/5.anim#1
p1:-1 2 add //depot/etc/courses/2021_semester_2/nhsga/Game_1/Defender/working/YuufoTheDefender/Assets/animation/cutscene/5.anim.meta#1
p1:-1 2 add //depot/etc/courses/2021_semester_2/nhsga/Game_1/Defender/working/YuufoTheDefender/Assets/animation/cutscene/5.controller#1
p1:-1 2 add //depot/etc/courses/2021_semester_2/nhsga/Game_1/Defender/working/YuufoTheDefender/Assets/animation/cutscene/5.controller.meta#1
p1:-1 2 add //depot/etc/courses/2021_semester_2/nhsga/Game_1/Defender/working/YuufoTheDefender/Assets/animation/cutscene/7.anim#1
p1:-1 2 add //depot/etc/courses/2021_semester_2/nhsga/Game_1/Defender/working/YuufoTheDefender/Assets/animation/cutscene/7.anim.meta#1
p1:-1 2 add //depot/etc/courses/2021_semester_2/nhsga/Game_1/Defender/working/YuufoTheDefender/Assets/animation/cutscene/7.controller#1
p1:-1 2 add //depot/etc/courses/2021_semester_2/nhsga/Game_1/Defender/working/YuufoTheDefender/Assets/animation/cutscene/7.controller.meta#1
p1:-1 2 add //depot/etc/courses/2021_semester_2/nhsga/Game_1/Defender/working/YuufoTheDefender/Assets/animation/cutscene/8.anim#1
p1:-1 2 add //depot/etc/courses/2021_semester_2/nhsga/Game_1/Defender/working/YuufoTheDefender/Assets/animation/cutscene/8.anim.meta#1
p1:-1 2 add //depot/etc/courses/2021_semester_2/nhsga/Game_1/Defender/working/YuufoTheDefender/Assets/animation/cutscene/8.controller#1
p1:-1 2 add //depot/etc/courses/2021_semester_2/nhsga/Game_1/Defender/working/YuufoTheDefender/Assets/animation/cutscene/8.controller.meta#1
p1:-1 2 add //depot/etc/courses/2021_semester_2/nhsga/Game_1/Defender/working/YuufoTheDefender/Assets/animation/cutscene/9.anim#1
p1:-1 2 add //depot/etc/courses/2021_semester_2/nhsga/Game_1/Defender/working/YuufoTheDefender/Assets/animation/cutscene/9.anim.meta#1
p1:-1 2 add //depot/etc/courses/2021_semester_2/nhsga/Game_1/Defender/working/YuufoTheDefender/Assets/animation/cutscene/9.controller#1
p1:-1 2 add //depot/etc/courses/2021_semester_2/nhsga/Game_1/Defender/working/YuufoTheDefender/Assets/animation/cutscene/9.controller.meta#1
p1:-1 3 Change 149522 submitted.
p1:-1 1 Change 149524 created with 10 open file(s).
p1:-1 1 Submitting change 149524.
p1:-1 1 add //depot/etc/courses/2021_semester_2/nhsga/Game_1/Defender/working/YuufoTheDefender/Assets/animation/Baiter.controller#1
p1:-1 1 add //depot/etc/courses/2021_semester_2/nhsga/Game_1/Defender/working/YuufoTheDefender/Assets/animation/Baiter.controller.meta#1
p1:-1 1 add //depot/etc/courses/2021_semester_2/nhsga/Game_1/Defender/working/YuufoTheDefender/Assets/animation/BaiterIdle.anim#1
p1:-1 1 add //depot/etc/courses/2021_semester_2/nhsga/Game_1/Defender/working/YuufoTheDefender/Assets/animation/BaiterIdle.anim.meta#1
p1:-1 1 add //depot/etc/courses/2021_semester_2/nhsga/Game_1/Defender/working/YuufoTheDefender/Assets/animation/BlackFade.controller#1
p1:-1 1 add //depot/etc/courses/2021_semester_2/nhsga/Game_1/Defender/working/YuufoTheDefender/Assets/animation/BlackFade.controller.meta#1
p1:-1 1 add //depot/etc/courses/2021_semester_2/nhsga/Game_1/Defender/working/YuufoTheDefender/Assets/animation/Bomber.controller#1
p1:-1 1 add //depot/etc/courses/2021_semester_2/nhsga/Game_1/Defender/working/YuufoTheDefender/Assets/animation/Bomber.controller.meta#1
p1:-1 1 add //depot/etc/courses/2021_semester_2/nhsga/Game_1/Defender/working/YuufoTheDefender/Assets/animation/BomberIdle.anim#1
p1:-1 1 add //depot/etc/courses/2021_semester_2/nhsga/Game_1/Defender/working/YuufoTheDefender/Assets/animation/BomberIdle.anim.meta#1
p1:-1 2 Change 149524 submitted.
p1:-1 1 Change 149525 created with 28 open file(s).
p1:-1 1 Submitting change 149525.
p1:-1 1 Locking 6 files ...
p1:-1 1 add //depot/etc/courses/2021_semester_2/nhsga/Game_1/Defender/working/YuufoTheDefender/Assets/animation/Buffer.controller#1
p1:-1 1 add //depot/etc/courses/2021_semester_2/nhsga/Game_1/Defender/working/YuufoTheDefender/Assets/animation/Buffer.controller.meta#1
p1:-1 1 add //depot/etc/courses/2021_semester_2/nhsga/Game_1/Defender/working/YuufoTheDefender/Assets/animation/CutSceneText.controller#1
p1:-1 1 add //depot/etc/courses/2021_semester_2/nhsga/Game_1/Defender/working/YuufoTheDefender/Assets/animation/CutSceneText.controller.meta#1
p1:-1 1 add //depot/etc/courses/2021_semester_2/nhsga/Game_1/Defender/working/YuufoTheDefender/Assets/animation/hideScene.anim#1
p1:-1 1 add //depot/etc/courses/2021_semester_2/nhsga/Game_1/Defender/working/YuufoTheDefender/Assets/animation/hideScene.anim.meta#1
p1:-1 1 add //depot/etc/courses/2021_semester_2/nhsga/Game_1/Defender/working/YuufoTheDefender/Assets/animation/Hurt.anim#1
p1:-1 1 add //depot/etc/courses/2021_semester_2/nhsga/Game_1/Defender/working/YuufoTheDefender/Assets/animation/Hurt.anim.meta#1
p1:-1 1 add //depot/etc/courses/2021_semester_2/nhsga/Game_1/Defender/working/YuufoTheDefender/Assets/animation/LanderIdle.anim#1
p1:-1 1 add //depot/etc/courses/2021_semester_2/nhsga/Game_1/Defender/working/YuufoTheDefender/Assets/animation/LanderIdle.anim.meta#1
p1:-1 1 add //depot/etc/courses/2021_semester_2/nhsga/Game_1/Defender/working/YuufoTheDefender/Assets/animation/LanderSpriteSheet_0.controller#1
p1:-1 1 add //depot/etc/courses/2021_semester_2/nhsga/Game_1/Defender/working/YuufoTheDefender/Assets/animation/LanderSpriteSheet_0.controller.meta#1
p1:-1 1 add //depot/etc/courses/2021_semester_2/nhsga/Game_1/Defender/working/YuufoTheDefender/Assets/animation/Light Beam Sprite Sheet_0.controller#1
p1:-1 1 add //depot/etc/courses/2021_semester_2/nhsga/Game_1/Defender/working/YuufoTheDefender/Assets/animation/Light Beam Sprite Sheet_0.controller.meta#1
p1:-1 1 add //depot/etc/courses/2021_semester_2/nhsga/Game_1/Defender/working/YuufoTheDefender/Assets/animation/Moo-Sprite-Sheet_0000_图层-3.controller#1
open for read: D:\NHSGA\perforce\etc\courses\2021_semester_2\nhsga\Game_1\Defender\working\YuufoTheDefender\Assets\animation\Moo-Sprite-Sheet_0000_图层-3.controller: ??????????? 

p1:-1 1 add //depot/etc/courses/2021_semester_2/nhsga/Game_1/Defender/working/YuufoTheDefender/Assets/animation/Moo-Sprite-Sheet_0000_图层-3.controller.meta#1
open for read: D:\NHSGA\perforce\etc\courses\2021_semester_2\nhsga\Game_1\Defender\working\YuufoTheDefender\Assets\animation\Moo-Sprite-Sheet_0000_图层-3.controller.meta: ??????????? 

p1:-1 1 add //depot/etc/courses/2021_semester_2/nhsga/Game_1/Defender/working/YuufoTheDefender/Assets/animation/moo.anim#1
p1:-1 1 add //depot/etc/courses/2021_semester_2/nhsga/Game_1/Defender/working/YuufoTheDefender/Assets/animation/moo.anim.meta#1
p1:-1 1 add //depot/etc/courses/2021_semester_2/nhsga/Game_1/Defender/working/YuufoTheDefender/Assets/animation/Mootant Sprite Sheet_0.controller#1
p1:-1 1 add //depot/etc/courses/2021_semester_2/nhsga/Game_1/Defender/working/YuufoTheDefender/Assets/animation/Mootant Sprite Sheet_0.controller.meta#1
p1:-1 1 add //depot/etc/courses/2021_semester_2/nhsga/Game_1/Defender/working/YuufoTheDefender/Assets/animation/mootant.anim#1
p1:-1 1 add //depot/etc/courses/2021_semester_2/nhsga/Game_1/Defender/working/YuufoTheDefender/Assets/animation/mootant.anim.meta#1
p1:-1 1 add //depot/etc/courses/2021_semester_2/nhsga/Game_1/Defender/working/YuufoTheDefender/Assets/animation/PODIdle.anim#1
p1:-1 1 add //depot/etc/courses/2021_semester_2/nhsga/Game_1/Defender/working/YuufoTheDefender/Assets/animation/PODIdle.anim.meta#1
p1:-1 1 add //depot/etc/courses/2021_semester_2/nhsga/Game_1/Defender/working/YuufoTheDefender/Assets/animation/PODSpriteSheet_0.controller#1
p1:-1 1 add //depot/etc/courses/2021_semester_2/nhsga/Game_1/Defender/working/YuufoTheDefender/Assets/animation/PODSpriteSheet_0.controller.meta#1
p1:-1 1 add //depot/etc/courses/2021_semester_2/nhsga/Game_1/Defender/working/YuufoTheDefender/Assets/animation/shoot.anim#1
p1:-1 1 add //depot/etc/courses/2021_semester_2/nhsga/Game_1/Defender/working/YuufoTheDefender/Assets/animation/shoot.anim.meta#1
Submit aborted -- fix problems then use 'p4 submit -c 149525'.
Some file(s) could not be transferred from client.

e1:Some file(s) could not be transferred from client.\n
e1:open for read: D:\\NHSGA\\perforce\\etc\\courses\\2021_semester_2\\nhsga\\Game_1\\Defender\\working\\YuufoTheDefender\\Assets\\animation\\Moo-Sprite-Sheet_0000_图层-3.controller.meta: ??????????? \n
e1:open for read: D:\\NHSGA\\perforce\\etc\\courses\\2021_semester_2\\nhsga\\Game_1\\Defender\\working\\YuufoTheDefender\\Assets\\animation\\Moo-Sprite-Sheet_0000_图层-3.controller: ??????????? \n
p1:-1 1 Change 149526 created with 10 open file(s).
p1:-1 1 Submitting change 149526.
p1:-1 1 add //depot/etc/courses/2021_semester_2/nhsga/Game_1/Defender/working/YuufoTheDefender/Assets/animation/Buffer.controller#1
p1:-1 1 add //depot/etc/courses/2021_semester_2/nhsga/Game_1/Defender/working/YuufoTheDefender/Assets/animation/Buffer.controller.meta#1
p1:-1 1 add //depot/etc/courses/2021_semester_2/nhsga/Game_1/Defender/working/YuufoTheDefender/Assets/animation/CutSceneText.controller#1
p1:-1 1 add //depot/etc/courses/2021_semester_2/nhsga/Game_1/Defender/working/YuufoTheDefender/Assets/animation/CutSceneText.controller.meta#1
p1:-1 1 add //depot/etc/courses/2021_semester_2/nhsga/Game_1/Defender/working/YuufoTheDefender/Assets/animation/hideScene.anim#1
p1:-1 1 add //depot/etc/courses/2021_semester_2/nhsga/Game_1/Defender/working/YuufoTheDefender/Assets/animation/hideScene.anim.meta#1
p1:-1 1 add //depot/etc/courses/2021_semester_2/nhsga/Game_1/Defender/working/YuufoTheDefender/Assets/animation/Hurt.anim#1
p1:-1 1 add //depot/etc/courses/2021_semester_2/nhsga/Game_1/Defender/working/YuufoTheDefender/Assets/animation/Hurt.anim.meta#1
p1:-1 1 add //depot/etc/courses/2021_semester_2/nhsga/Game_1/Defender/working/YuufoTheDefender/Assets/animation/LanderIdle.anim#1
p1:-1 1 add //depot/etc/courses/2021_semester_2/nhsga/Game_1/Defender/working/YuufoTheDefender/Assets/animation/LanderIdle.anim.meta#1
p1:-1 1 Change 149526 submitted.
p1:-1 1 Change 149527 created with 10 open file(s).
p1:-1 1 Submitting change 149527.
p1:-1 1 add //depot/etc/courses/2021_semester_2/nhsga/Game_1/Defender/working/YuufoTheDefender/Assets/animation/LanderSpriteSheet_0.controller#1
p1:-1 1 add //depot/etc/courses/2021_semester_2/nhsga/Game_1/Defender/working/YuufoTheDefender/Assets/animation/LanderSpriteSheet_0.controller.meta#1
p1:-1 1 add //depot/etc/courses/2021_semester_2/nhsga/Game_1/Defender/working/YuufoTheDefender/Assets/animation/Light Beam Sprite Sheet_0.controller#1
p1:-1 1 add //depot/etc/courses/2021_semester_2/nhsga/Game_1/Defender/working/YuufoTheDefender/Assets/animation/Light Beam Sprite Sheet_0.controller.meta#1
p1:-1 1 add //depot/etc/courses/2021_semester_2/nhsga/Game_1/Defender/working/YuufoTheDefender/Assets/animation/Moo-Sprite-Sheet_0000_图层-3.controller#1
open for read: D:\NHSGA\perforce\etc\courses\2021_semester_2\nhsga\Game_1\Defender\working\YuufoTheDefender\Assets\animation\Moo-Sprite-Sheet_0000_图层-3.controller: ??????????? 

p1:-1 1 add //depot/etc/courses/2021_semester_2/nhsga/Game_1/Defender/working/YuufoTheDefender/Assets/animation/Moo-Sprite-Sheet_0000_图层-3.controller.meta#1
open for read: D:\NHSGA\perforce\etc\courses\2021_semester_2\nhsga\Game_1\Defender\working\YuufoTheDefender\Assets\animation\Moo-Sprite-Sheet_0000_图层-3.controller.meta: ??????????? 

p1:-1 1 add //depot/etc/courses/2021_semester_2/nhsga/Game_1/Defender/working/YuufoTheDefender/Assets/animation/moo.anim#1
p1:-1 1 add //depot/etc/courses/2021_semester_2/nhsga/Game_1/Defender/working/YuufoTheDefender/Assets/animation/moo.anim.meta#1
p1:-1 1 add //depot/etc/courses/2021_semester_2/nhsga/Game_1/Defender/working/YuufoTheDefender/Assets/animation/Mootant Sprite Sheet_0.controller#1
p1:-1 1 add //depot/etc/courses/2021_semester_2/nhsga/Game_1/Defender/working/YuufoTheDefender/Assets/animation/Mootant Sprite Sheet_0.controller.meta#1
Submit aborted -- fix problems then use 'p4 submit -c 149527'.
Some file(s) could not be transferred from client.

e1:Some file(s) could not be transferred from client.\n
e1:open for read: D:\\NHSGA\\perforce\\etc\\courses\\2021_semester_2\\nhsga\\Game_1\\Defender\\working\\YuufoTheDefender\\Assets\\animation\\Moo-Sprite-Sheet_0000_图层-3.controller.meta: ??????????? \n
e1:open for read: D:\\NHSGA\\perforce\\etc\\courses\\2021_semester_2\\nhsga\\Game_1\\Defender\\working\\YuufoTheDefender\\Assets\\animation\\Moo-Sprite-Sheet_0000_图层-3.controller: ??????????? \n
p1:-1 1 Change 149528 created with 6 open file(s).
p1:-1 1 Submitting change 149528.
p1:-1 1 add //depot/etc/courses/2021_semester_2/nhsga/Game_1/Defender/working/YuufoTheDefender/Assets/animation/LanderSpriteSheet_0.controller#1
p1:-1 1 add //depot/etc/courses/2021_semester_2/nhsga/Game_1/Defender/working/YuufoTheDefender/Assets/animation/LanderSpriteSheet_0.controller.meta#1
p1:-1 1 add //depot/etc/courses/2021_semester_2/nhsga/Game_1/Defender/working/YuufoTheDefender/Assets/animation/Light Beam Sprite Sheet_0.controller#1
p1:-1 1 add //depot/etc/courses/2021_semester_2/nhsga/Game_1/Defender/working/YuufoTheDefender/Assets/animation/Light Beam Sprite Sheet_0.controller.meta#1
p1:-1 1 add //depot/etc/courses/2021_semester_2/nhsga/Game_1/Defender/working/YuufoTheDefender/Assets/animation/Moo-Sprite-Sheet_0000_图层-3.controller#1
open for read: D:\NHSGA\perforce\etc\courses\2021_semester_2\nhsga\Game_1\Defender\working\YuufoTheDefender\Assets\animation\Moo-Sprite-Sheet_0000_图层-3.controller: ??????????? 

p1:-1 1 add //depot/etc/courses/2021_semester_2/nhsga/Game_1/Defender/working/YuufoTheDefender/Assets/animation/Moo-Sprite-Sheet_0000_图层-3.controller.meta#1
open for read: D:\NHSGA\perforce\etc\courses\2021_semester_2\nhsga\Game_1\Defender\working\YuufoTheDefender\Assets\animation\Moo-Sprite-Sheet_0000_图层-3.controller.meta: ??????????? 

Submit aborted -- fix problems then use 'p4 submit -c 149528'.
Some file(s) could not be transferred from client.

e1:Some file(s) could not be transferred from client.\n
e1:open for read: D:\\NHSGA\\perforce\\etc\\courses\\2021_semester_2\\nhsga\\Game_1\\Defender\\working\\YuufoTheDefender\\Assets\\animation\\Moo-Sprite-Sheet_0000_图层-3.controller.meta: ??????????? \n
e1:open for read: D:\\NHSGA\\perforce\\etc\\courses\\2021_semester_2\\nhsga\\Game_1\\Defender\\working\\YuufoTheDefender\\Assets\\animation\\Moo-Sprite-Sheet_0000_图层-3.controller: ??????????? \n
p1:-1 1 Change 149530 created with 2 open file(s).
p1:-1 1 Submitting change 149530.
p1:-1 1 add //depot/etc/courses/2021_semester_2/nhsga/Game_1/Defender/working/YuufoTheDefender/Assets/animation/LanderSpriteSheet_0.controller#1
p1:-1 1 add //depot/etc/courses/2021_semester_2/nhsga/Game_1/Defender/working/YuufoTheDefender/Assets/animation/LanderSpriteSheet_0.controller.meta#1
p1:-1 1 Change 149530 submitted.
p1:-1 1 Change 149533 created with 2 open file(s).
p1:-1 1 Submitting change 149533.
p1:-1 1 add //depot/etc/courses/2021_semester_2/nhsga/Game_1/Defender/working/YuufoTheDefender/Assets/animation/Light Beam Sprite Sheet_0.controller#1
p1:-1 1 add //depot/etc/courses/2021_semester_2/nhsga/Game_1/Defender/working/YuufoTheDefender/Assets/animation/Light Beam Sprite Sheet_0.controller.meta#1
p1:-1 1 Change 149533 submitted.
p1:-1 1 Change 149534 created with 2 open file(s).
p1:-1 1 Submitting change 149534.
p1:-1 1 add //depot/etc/courses/2021_semester_2/nhsga/Game_1/Defender/working/YuufoTheDefender/Assets/animation/Moo-Sprite-Sheet_0000_图层-3.controller#1
open for read: D:\NHSGA\perforce\etc\courses\2021_semester_2\nhsga\Game_1\Defender\working\YuufoTheDefender\Assets\animation\Moo-Sprite-Sheet_0000_图层-3.controller: ??????????? 

p1:-1 1 add //depot/etc/courses/2021_semester_2/nhsga/Game_1/Defender/working/YuufoTheDefender/Assets/animation/Moo-Sprite-Sheet_0000_图层-3.controller.meta#1
open for read: D:\NHSGA\perforce\etc\courses\2021_semester_2\nhsga\Game_1\Defender\working\YuufoTheDefender\Assets\animation\Moo-Sprite-Sheet_0000_图层-3.controller.meta: ??????????? 

Submit aborted -- fix problems then use 'p4 submit -c 149534'.
Some file(s) could not be transferred from client.

e1:Some file(s) could not be transferred from client.\n
e1:open for read: D:\\NHSGA\\perforce\\etc\\courses\\2021_semester_2\\nhsga\\Game_1\\Defender\\working\\YuufoTheDefender\\Assets\\animation\\Moo-Sprite-Sheet_0000_图层-3.controller.meta: ??????????? \n
e1:open for read: D:\\NHSGA\\perforce\\etc\\courses\\2021_semester_2\\nhsga\\Game_1\\Defender\\working\\YuufoTheDefender\\Assets\\animation\\Moo-Sprite-Sheet_0000_图层-3.controller: ??????????? \n
p1:-1 1 Change 149536 created with 2 open file(s).
p1:-1 1 Submitting change 149536.
p1:-1 1 add //depot/etc/courses/2021_semester_2/nhsga/Game_1/Defender/working/YuufoTheDefender/Assets/animation/Moo-Sprite-Sheet_0000_图层-3.controller#1
open for read: D:\NHSGA\perforce\etc\courses\2021_semester_2\nhsga\Game_1\Defender\working\YuufoTheDefender\Assets\animation\Moo-Sprite-Sheet_0000_图层-3.controller: ??????????? 

p1:-1 1 add //depot/etc/courses/2021_semester_2/nhsga/Game_1/Defender/working/YuufoTheDefender/Assets/animation/Moo-Sprite-Sheet_0000_图层-3.controller.meta#1
open for read: D:\NHSGA\perforce\etc\courses\2021_semester_2\nhsga\Game_1\Defender\working\YuufoTheDefender\Assets\animation\Moo-Sprite-Sheet_0000_图层-3.controller.meta: ??????????? 

Submit aborted -- fix problems then use 'p4 submit -c 149536'.
Some file(s) could not be transferred from client.

e1:Some file(s) could not be transferred from client.\n
e1:open for read: D:\\NHSGA\\perforce\\etc\\courses\\2021_semester_2\\nhsga\\Game_1\\Defender\\working\\YuufoTheDefender\\Assets\\animation\\Moo-Sprite-Sheet_0000_图层-3.controller.meta: ??????????? \n
e1:open for read: D:\\NHSGA\\perforce\\etc\\courses\\2021_semester_2\\nhsga\\Game_1\\Defender\\working\\YuufoTheDefender\\Assets\\animation\\Moo-Sprite-Sheet_0000_图层-3.controller: ??????????? \n
p1:-1 1 Change 149538 created with 2 open file(s).
p1:-1 1 Submitting change 149538.
p1:-1 1 Locking 2 files ...
p1:-1 1 add //depot/etc/courses/2021_semester_2/nhsga/Game_1/Defender/working/YuufoTheDefender/Assets/animation/Moo-Sprite-Sheet_0000_图层-3.controller#1
open for read: D:\NHSGA\perforce\etc\courses\2021_semester_2\nhsga\Game_1\Defender\working\YuufoTheDefender\Assets\animation\Moo-Sprite-Sheet_0000_图层-3.controller: ??????????? 

p1:-1 1 add //depot/etc/courses/2021_semester_2/nhsga/Game_1/Defender/working/YuufoTheDefender/Assets/animation/Moo-Sprite-Sheet_0000_图层-3.controller.meta#1
open for read: D:\NHSGA\perforce\etc\courses\2021_semester_2\nhsga\Game_1\Defender\working\YuufoTheDefender\Assets\animation\Moo-Sprite-Sheet_0000_图层-3.controller.meta: ??????????? 

Submit aborted -- fix problems then use 'p4 submit -c 149538'.
Some file(s) could not be transferred from client.

e1:Some file(s) could not be transferred from client.\n
e1:open for read: D:\\NHSGA\\perforce\\etc\\courses\\2021_semester_2\\nhsga\\Game_1\\Defender\\working\\YuufoTheDefender\\Assets\\animation\\Moo-Sprite-Sheet_0000_图层-3.controller.meta: ??????????? \n
e1:open for read: D:\\NHSGA\\perforce\\etc\\courses\\2021_semester_2\\nhsga\\Game_1\\Defender\\working\\YuufoTheDefender\\Assets\\animation\\Moo-Sprite-Sheet_0000_图层-3.controller: ??????????? \n
SSL receive failed.
read: ??????????? : WSAECONNRESET

e32:SSL receive failed.\nread: ??????????? : WSAECONNRESET\n
SSL receive failed.
read: ??????????? : WSAECONNRESET

e32:SSL receive failed.\nread: ??????????? : WSAECONNRESET\n
SSL receive failed.
read: ??????????? : WSAECONNRESET

e32:SSL receive failed.\nread: ??????????? : WSAECONNRESET\n
SSL receive failed.
read: ??????????? : WSAECONNRESET

e32:SSL receive failed.\nread: ??????????? : WSAECONNRESET\n
SSL receive failed.
read: ??????????? : WSAECONNRESET

e32:SSL receive failed.\nread: ??????????? : WSAECONNRESET\n
SSL receive failed.
read: ??????????? : WSAECONNRESET

e32:SSL receive failed.\nread: ??????????? : WSAECONNRESET\n
SSL receive failed.
read: ??????????? : WSAECONNRESET

e32:SSL receive failed.\nread: ??????????? : WSAECONNRESET\n
SSL receive failed.
read: ??????????? : WSAECONNRESET

e32:SSL receive failed.\nread: ??????????? : WSAECONNRESET\n
SSL receive failed.
read: ??????????? : WSAECONNRESET

e32:SSL receive failed.\nread: ??????????? : WSAECONNRESET\n
SSL receive failed.
read: ??????????? : WSAECONNRESET

e32:SSL receive failed.\nread: ??????????? : WSAECONNRESET\n
SSL receive failed.
read: ??????????? : WSAECONNRESET

e32:SSL receive failed.\nread: ??????????? : WSAECONNRESET\n
SSL receive failed.
read: ??????????? : WSAECONNRESET

e32:SSL receive failed.\nread: ??????????? : WSAECONNRESET\n
SSL receive failed.
read: ??????????? : WSAECONNRESET

e32:SSL receive failed.\nread: ??????????? : WSAECONNRESET\n
SSL receive failed.
read: ??????????? : WSAECONNRESET

e32:SSL receive failed.\nread: ??????????? : WSAECONNRESET\n
SSL receive failed.
read: ??????????? : WSAECONNRESET

e32:SSL receive failed.\nread: ??????????? : WSAECONNRESET\n
SSL receive failed.
read: ??????????? : WSAECONNRESET

e32:SSL receive failed.\nread: ??????????? : WSAECONNRESET\n
SSL receive failed.
read: ??????????? : WSAECONNRESET

e32:SSL receive failed.\nread: ??????????? : WSAECONNRESET\n
SSL receive failed.
read: ??????????? : WSAECONNRESET

e32:SSL receive failed.\nread: ??????????? : WSAECONNRESET\n
SSL receive failed.
read: ??????????? : WSAECONNRESET

e32:SSL receive failed.\nread: ??????????? : WSAECONNRESET\n
SSL receive failed.
read: ??????????? : WSAECONNRESET

e32:SSL receive failed.\nread: ??????????? : WSAECONNRESET\n
SSL receive failed.
read: ??????????? : WSAECONNRESET

SSL receive failed.
read: ??????????? : WSAECONNRESET

e32:SSL receive failed.\nread: ??????????? : WSAECONNRESET\n
SSL receive failed.
read: ??????????? : WSAECONNRESET

e32:SSL receive failed.\nread: ??????????? : WSAECONNRESET\n
SSL receive failed.
read: ??????????? : WSAECONNRESET

SSL receive failed.
read: ??????????? : WSAECONNRESET

e32:SSL receive failed.\nread: ??????????? : WSAECONNRESET\n
SSL receive failed.
read: ??????????? : WSAECONNRESET

e32:SSL receive failed.\nread: ??????????? : WSAECONNRESET\n
SSL receive failed.
read: ??????????? : WSAECONNRESET

SSL receive failed.
read: ??????????? : WSAECONNRESET

e32:SSL receive failed.\nread: ??????????? : WSAECONNRESET\n
SSL receive failed.
read: ??????????? : WSAECONNRESET

e32:SSL receive failed.\nread: ??????????? : WSAECONNRESET\n
SSL receive failed.
read: ??????????? : WSAECONNRESET

e32:SSL receive failed.\nread: ??????????? : WSAECONNRESET\n
SSL receive failed.
read: ??????????? : WSAECONNRESET

SSL receive failed.
read: ??????????? : WSAECONNRESET

e32:SSL receive failed.\nread: ??????????? : WSAECONNRESET\n
SSL receive failed.
read: ??????????? : WSAECONNRESET

e32:SSL receive failed.\nread: ??????????? : WSAECONNRESET\n
SSL receive failed.
read: ??????????? : WSAECONNRESET

e32:SSL receive failed.\nread: ??????????? : WSAECONNRESET\n
SSL receive failed.
read: ??????????? : WSAECONNRESET

e32:SSL receive failed.\nread: ??????????? : WSAECONNRESET\n
Unhandled exception: Readfile from pipe failed. GLE=??????

p1:-1 1 Change 149886 created with 2 open file(s).
p1:-1 2 Submitting change 149886.
p1:-1 2 Locking 2 files ...
p1:-1 2 add //depot/etc/courses/2021_semester_2/nhsga/Game_1/Defender/working/YuufoTheDefender/Assets/animation/Moo-Sprite-Sheet_0000_图层-3.controller#1
open for read: D:\NHSGA\perforce\etc\courses\2021_semester_2\nhsga\Game_1\Defender\working\YuufoTheDefender\Assets\animation\Moo-Sprite-Sheet_0000_图层-3.controller: ??????????? 

p1:-1 2 add //depot/etc/courses/2021_semester_2/nhsga/Game_1/Defender/working/YuufoTheDefender/Assets/animation/Moo-Sprite-Sheet_0000_图层-3.controller.meta#1
open for read: D:\NHSGA\perforce\etc\courses\2021_semester_2\nhsga\Game_1\Defender\working\YuufoTheDefender\Assets\animation\Moo-Sprite-Sheet_0000_图层-3.controller.meta: ??????????? 

Submit aborted -- fix problems then use 'p4 submit -c 149886'.
Some file(s) could not be transferred from client.

e1:Some file(s) could not be transferred from client.\n
e1:open for read: D:\\NHSGA\\perforce\\etc\\courses\\2021_semester_2\\nhsga\\Game_1\\Defender\\working\\YuufoTheDefender\\Assets\\animation\\Moo-Sprite-Sheet_0000_图层-3.controller.meta: ??????????? \n
e1:open for read: D:\\NHSGA\\perforce\\etc\\courses\\2021_semester_2\\nhsga\\Game_1\\Defender\\working\\YuufoTheDefender\\Assets\\animation\\Moo-Sprite-Sheet_0000_图层-3.controller: ??????????? \n
p1:-1 1 Change 149892 created with 2 open file(s).
p1:-1 1 Submitting change 149892.
p1:-1 1 Locking 2 files ...
p1:-1 1 add //depot/etc/courses/2021_semester_2/nhsga/Game_1/Defender/working/YuufoTheDefender/Assets/animation/Moo-Sprite-Sheet_0000_图层-3.controller#1
open for read: D:\NHSGA\perforce\etc\courses\2021_semester_2\nhsga\Game_1\Defender\working\YuufoTheDefender\Assets\animation\Moo-Sprite-Sheet_0000_图层-3.controller: ??????????? 

p1:-1 1 add //depot/etc/courses/2021_semester_2/nhsga/Game_1/Defender/working/YuufoTheDefender/Assets/animation/Moo-Sprite-Sheet_0000_图层-3.controller.meta#1
open for read: D:\NHSGA\perforce\etc\courses\2021_semester_2\nhsga\Game_1\Defender\working\YuufoTheDefender\Assets\animation\Moo-Sprite-Sheet_0000_图层-3.controller.meta: ??????????? 

Submit aborted -- fix problems then use 'p4 submit -c 149892'.
Some file(s) could not be transferred from client.

e1:Some file(s) could not be transferred from client.\n
e1:open for read: D:\\NHSGA\\perforce\\etc\\courses\\2021_semester_2\\nhsga\\Game_1\\Defender\\working\\YuufoTheDefender\\Assets\\animation\\Moo-Sprite-Sheet_0000_图层-3.controller.meta: ??????????? \n
e1:open for read: D:\\NHSGA\\perforce\\etc\\courses\\2021_semester_2\\nhsga\\Game_1\\Defender\\working\\YuufoTheDefender\\Assets\\animation\\Moo-Sprite-Sheet_0000_图层-3.controller: ??????????? \n
p1:-1 1 Change 149894 created with 2 open file(s).
p1:-1 1 Submitting change 149894.
p1:-1 1 Locking 2 files ...
p1:-1 1 add //depot/etc/courses/2021_semester_2/nhsga/Game_1/Defender/working/YuufoTheDefender/Assets/animation/Moo-Sprite-Sheet_0000_图层-3.controller#1
open for read: D:\NHSGA\perforce\etc\courses\2021_semester_2\nhsga\Game_1\Defender\working\YuufoTheDefender\Assets\animation\Moo-Sprite-Sheet_0000_图层-3.controller: ??????????? 

p1:-1 1 add //depot/etc/courses/2021_semester_2/nhsga/Game_1/Defender/working/YuufoTheDefender/Assets/animation/Moo-Sprite-Sheet_0000_图层-3.controller.meta#1
open for read: D:\NHSGA\perforce\etc\courses\2021_semester_2\nhsga\Game_1\Defender\working\YuufoTheDefender\Assets\animation\Moo-Sprite-Sheet_0000_图层-3.controller.meta: ??????????? 

Submit aborted -- fix problems then use 'p4 submit -c 149894'.
Some file(s) could not be transferred from client.

e1:Some file(s) could not be transferred from client.\n
e1:open for read: D:\\NHSGA\\perforce\\etc\\courses\\2021_semester_2\\nhsga\\Game_1\\Defender\\working\\YuufoTheDefender\\Assets\\animation\\Moo-Sprite-Sheet_0000_图层-3.controller.meta: ??????????? \n
e1:open for read: D:\\NHSGA\\perforce\\etc\\courses\\2021_semester_2\\nhsga\\Game_1\\Defender\\working\\YuufoTheDefender\\Assets\\animation\\Moo-Sprite-Sheet_0000_图层-3.controller: ??????????? \n
